111111111111000000000000
--------------------------------------------------------------------------------
111100000000000000000000
000000000000000000000000
000000001111000000000000
000000001111000000000000
000000001111000000000000
000011110000000000000000
000000001111000000000000

111111111111000000000001
--------------------------------------------------------------------------------
111100000000000000000000
000000000000000000000000
000000001111000000000000
000000001111000000000000
000000001111000000000000
000011110000000000000000
000000001111000000000000

111111111111000000000100
--------------------------------------------------------------------------------
111100000000000000000000
000000000000000000000000
000000001111000000000000
000000001111000000000000
000000001111000000000000
000011110000000000000000
000000001111000000000000

111111111111000000000101
--------------------------------------------------------------------------------
111100000000000000000000
000000000000000000000000
000000001111000000000000
000000001111000000000000
000000001111000000000000
000011111111000000000101

111111111111000000010000
--------------------------------------------------------------------------------
111100000000000000000000
000000001111000000000000
000000001111000000000000
000000001111000000000000
000011110000000000000000
000000001111000000000000

111111111111000000010001
--------------------------------------------------------------------------------
111100000000000000000000
000000001111000000000000
000000001111000000000000
000000001111000000000000
000011110000000000000000
000000001111000000000000

111111111111000000010100
--------------------------------------------------------------------------------
111100000000000000000000
000000001111000000000000
000000001111000000000000
000000001111000000000000
000011110000000000000000
000000001111000000000000

111111111111000000010101
--------------------------------------------------------------------------------
111100000000000000000000
000000001111000000000000
000000001111000000000000
000000001111000000000000
000011111111000000000101

111111111111000001000000
--------------------------------------------------------------------------------
111100000000000000000000
000000001111000000000000
000000001111000000000000
000000001111000000000000
000011110000000000000000
000000001111000000000000

111111111111000001000001
--------------------------------------------------------------------------------
111100000000000000000000
000000001111000000000000
000000001111000000000000
000000001111000000000000
000011110000000000000000
000000001111000000000000

111111111111000001000100
--------------------------------------------------------------------------------
111100000000000000000000
000000001111000000000000
000000001111000000000000
000000001111000000000000
000011110000000000000000
000000001111000000000000

111111111111000001000101
--------------------------------------------------------------------------------
111100000000000000000000
000000001111000000000000
000000001111000000000000
000000001111000000000000
000011111111000000000101

111111111111000001010000
--------------------------------------------------------------------------------
111100001111000001010000
000000001111000000000000
000000001111000000000000
000011110000000000000000
000000001111000000000000

111111111111000001010001
--------------------------------------------------------------------------------
111100001111000001010000
000000001111000000000000
000000001111000000000000
000011110000000000000000
000000001111000000000000

111111111111000001010100
--------------------------------------------------------------------------------
111100001111000001010000
000000001111000000000000
000000001111000000000000
000011110000000000000000
000000001111000000000000

111111111111000001010101
--------------------------------------------------------------------------------
111100001111000001010000
000000001111000000000000
000000001111000000000000
000011111111000000000101

111111111111000100000000
--------------------------------------------------------------------------------
111100000000000000000000
000000000000000000000000
000000001111000000000000
000011110000000000000000
000000001111000000000000

111111111111000100000001
--------------------------------------------------------------------------------
111100000000000000000000
000000000000000000000000
000000001111000000000000
000011110000000000000000
000000001111000000000000

111111111111000100000100
--------------------------------------------------------------------------------
111100000000000000000000
000000000000000000000000
000000001111000000000000
000011110000000000000000
000000001111000000000000

111111111111000100000101
--------------------------------------------------------------------------------
111100000000000000000000
000000000000000000000000
000000001111000000000000
000011111111000000000101

111111111111000100010000
--------------------------------------------------------------------------------
111100000000000000000000
000000001111000000000000
000011110000000000000000
000000001111000000000000

111111111111000100010001
--------------------------------------------------------------------------------
111100000000000000000000
000000001111000000000000
000011110000000000000000
000000001111000000000000

111111111111000100010100
--------------------------------------------------------------------------------
111100000000000000000000
000000001111000000000000
000011110000000000000000
000000001111000000000000

111111111111000100010101
--------------------------------------------------------------------------------
111100000000000000000000
000000001111000000000000
000011111111000000000101

111111111111000101000000
--------------------------------------------------------------------------------
111100000000000000000000
000000001111000000000000
000011110000000000000000
000000001111000000000000

111111111111000101000001
--------------------------------------------------------------------------------
111100000000000000000000
000000001111000000000000
000011110000000000000000
000000001111000000000000

111111111111000101000100
--------------------------------------------------------------------------------
111100000000000000000000
000000001111000000000000
000011110000000000000000
000000001111000000000000

111111111111000101000101
--------------------------------------------------------------------------------
111100000000000000000000
000000001111000000000000
000011111111000000000101

111111111111000101010000
--------------------------------------------------------------------------------
111100001111000001010000
000011110000000000000000
000000001111000000000000

111111111111000101010001
--------------------------------------------------------------------------------
111100001111000001010000
000011110000000000000000
000000001111000000000000

111111111111000101010100
--------------------------------------------------------------------------------
111100001111000001010000
000011110000000000000000
000000001111000000000000

111111111111000101010101
--------------------------------------------------------------------------------
111100001111000001010000
000011111111000000000101

111111111111010000000000
--------------------------------------------------------------------------------
111100000000000000000000
000000000000000000000000
000000001111000000000000
000011110000000000000000
000000001111000000000000

111111111111010000000001
--------------------------------------------------------------------------------
111100000000000000000000
000000000000000000000000
000000001111000000000000
000011110000000000000000
000000001111000000000000

111111111111010000000100
--------------------------------------------------------------------------------
111100000000000000000000
000000000000000000000000
000000001111000000000000
000011110000000000000000
000000001111000000000000

111111111111010000000101
--------------------------------------------------------------------------------
111100000000000000000000
000000000000000000000000
000000001111000000000000
000011111111000000000101

111111111111010000010000
--------------------------------------------------------------------------------
111100000000000000000000
000000001111000000000000
000011110000000000000000
000000001111000000000000

111111111111010000010001
--------------------------------------------------------------------------------
111100000000000000000000
000000001111000000000000
000011110000000000000000
000000001111000000000000

111111111111010000010100
--------------------------------------------------------------------------------
111100000000000000000000
000000001111000000000000
000011110000000000000000
000000001111000000000000

111111111111010000010101
--------------------------------------------------------------------------------
111100000000000000000000
000000001111000000000000
000011111111000000000101

111111111111010001000000
--------------------------------------------------------------------------------
111100000000000000000000
000000001111000000000000
000011110000000000000000
000000001111000000000000

111111111111010001000001
--------------------------------------------------------------------------------
111100000000000000000000
000000001111000000000000
000011110000000000000000
000000001111000000000000

111111111111010001000100
--------------------------------------------------------------------------------
111100000000000000000000
000000001111000000000000
000011110000000000000000
000000001111000000000000

111111111111010001000101
--------------------------------------------------------------------------------
111100000000000000000000
000000001111000000000000
000011111111000000000101

111111111111010001010000
--------------------------------------------------------------------------------
111100001111000001010000
000011110000000000000000
000000001111000000000000

111111111111010001010001
--------------------------------------------------------------------------------
111100001111000001010000
000011110000000000000000
000000001111000000000000

111111111111010001010100
--------------------------------------------------------------------------------
111100001111000001010000
000011110000000000000000
000000001111000000000000

111111111111010001010101
--------------------------------------------------------------------------------
111100001111000001010000
000011111111000000000101

111111111111010100000000
--------------------------------------------------------------------------------
111111110000010100000000
000011110000000000000000
000011110000000000000000
000000001111000000000000

111111111111010100000001
--------------------------------------------------------------------------------
111111110000010100000000
000011110000000000000000
000011110000000000000000
000000001111000000000000

111111111111010100000100
--------------------------------------------------------------------------------
111111110000010100000000
000011110000000000000000
000011110000000000000000
000000001111000000000000

111111111111010100000101
--------------------------------------------------------------------------------
111111110000010100000000
000011110000000000000000
000011111111000000000101

111111111111010100010000
--------------------------------------------------------------------------------
111111110000010100000000
000011110000000000000000
000000001111000000000000

111111111111010100010001
--------------------------------------------------------------------------------
111111110000010100000000
000011110000000000000000
000000001111000000000000

111111111111010100010100
--------------------------------------------------------------------------------
111111110000010100000000
000011110000000000000000
000000001111000000000000

111111111111010100010101
--------------------------------------------------------------------------------
111111110000010100000000
000011111111000000000101

111111111111010101000000
--------------------------------------------------------------------------------
111111110000010100000000
000011110000000000000000
000000001111000000000000

111111111111010101000001
--------------------------------------------------------------------------------
111111110000010100000000
000011110000000000000000
000000001111000000000000

111111111111010101000100
--------------------------------------------------------------------------------
111111110000010100000000
000011110000000000000000
000000001111000000000000

111111111111010101000101
--------------------------------------------------------------------------------
111111110000010100000000
000011111111000000000101

111111111111010101010000
--------------------------------------------------------------------------------
111111110000010100000000
111100001111000001010000

111111111111010101010001
--------------------------------------------------------------------------------
111111110000010100000000
111100001111000001010000

111111111111010101010100
--------------------------------------------------------------------------------
111111110000010100000000
111100001111000001010000

111111111111010101010101
--------------------------------------------------------------------------------
111111111111010101010101

